{"target": -12.4780129010131, "params": {"x": -1.2662205459144347, "y": -2.445968431387213}, "datetime": {"datetime": "2022-01-05 17:18:52", "elapsed": 0.0, "delta": 0.0}}
{"target": -3.8540423116243687, "params": {"x": -1.0686989431116456, "y": -0.9266356377417138}, "datetime": {"datetime": "2022-01-05 17:18:52", "elapsed": 0.000211, "delta": 0.000211}}
{"target": -3.5942955369127176, "params": {"x": 0.77090566018983, "y": 3.0}, "datetime": {"datetime": "2022-01-05 17:18:52", "elapsed": 0.097738, "delta": 0.097527}}
{"target": 0.8237711192810948, "params": {"x": 0.03434330404747854, "y": 1.4183890751274555}, "datetime": {"datetime": "2022-01-05 17:18:52", "elapsed": 0.201542, "delta": 0.103804}}
{"target": 0.9720554826785551, "params": {"x": -0.10513247184602093, "y": 0.8700320013042037}, "datetime": {"datetime": "2022-01-05 17:18:53", "elapsed": 0.330957, "delta": 0.129415}}
